<?xml version="1.0" encoding="UTF-8"?>
<testng-results ignored="0" total="6" passed="6" failed="0" skipped="0">
  <reporter-output>
  </reporter-output>
  <suite started-at="2025-08-21T10:20:25 IST" name="TestNg Framework" finished-at="2025-08-21T10:20:48 IST" duration-ms="23579">
    <groups>
    </groups>
    <test started-at="2025-08-21T10:20:25 IST" name="TestNg Framework Test" finished-at="2025-08-21T10:20:48 IST" duration-ms="23579">
      <class name="tests.ScreenshotTest">
        <test-method is-config="true" signature="setUpBase()[pri:0, instance:tests.ScreenshotTest@560513ce]" started-at="2025-08-21T10:20:42 IST" name="setUpBase" finished-at="2025-08-21T10:20:44 IST" duration-ms="2341" status="PASS">
          <reporter-output>
          </reporter-output>
        </test-method> <!-- setUpBase -->
        <test-method signature="verify_user_is_able_to_take_screenshot()[pri:0, instance:tests.ScreenshotTest@560513ce]" started-at="2025-08-21T10:20:44 IST" name="verify_user_is_able_to_take_screenshot" finished-at="2025-08-21T10:20:44 IST" duration-ms="486" status="PASS">
          <reporter-output>
          </reporter-output>
        </test-method> <!-- verify_user_is_able_to_take_screenshot -->
        <test-method is-config="true" signature="tearDownBase()[pri:0, instance:tests.ScreenshotTest@560513ce]" started-at="2025-08-21T10:20:44 IST" name="tearDownBase" finished-at="2025-08-21T10:20:45 IST" duration-ms="266" status="PASS">
          <reporter-output>
          </reporter-output>
        </test-method> <!-- tearDownBase -->
      </class> <!-- tests.ScreenshotTest -->
      <class name="tests.ActionHelperTest">
        <test-method is-config="true" signature="setUpBase()[pri:0, instance:tests.ActionHelperTest@1b5bc39d]" started-at="2025-08-21T10:20:25 IST" name="setUpBase" finished-at="2025-08-21T10:20:29 IST" duration-ms="4415" status="PASS">
          <reporter-output>
          </reporter-output>
        </test-method> <!-- setUpBase -->
        <test-method signature="Verify_user_is_able_to_login()[pri:0, instance:tests.ActionHelperTest@1b5bc39d]" started-at="2025-08-21T10:20:29 IST" name="Verify_user_is_able_to_login" finished-at="2025-08-21T10:20:31 IST" duration-ms="1508" status="PASS">
          <reporter-output>
          </reporter-output>
        </test-method> <!-- Verify_user_is_able_to_login -->
        <test-method is-config="true" signature="tearDownBase()[pri:0, instance:tests.ActionHelperTest@1b5bc39d]" started-at="2025-08-21T10:20:31 IST" name="tearDownBase" finished-at="2025-08-21T10:20:31 IST" duration-ms="243" status="PASS">
          <reporter-output>
          </reporter-output>
        </test-method> <!-- tearDownBase -->
      </class> <!-- tests.ActionHelperTest -->
      <class name="tests.JsonTest">
        <test-method is-config="true" signature="setUpBase()[pri:0, instance:tests.JsonTest@7adbd080]" started-at="2025-08-21T10:20:36 IST" name="setUpBase" finished-at="2025-08-21T10:20:37 IST" duration-ms="1209" status="PASS">
          <reporter-output>
          </reporter-output>
        </test-method> <!-- setUpBase -->
        <test-method signature="verify_user_is_able_to_login()[pri:0, instance:tests.JsonTest@7adbd080]" started-at="2025-08-21T10:20:37 IST" name="verify_user_is_able_to_login" finished-at="2025-08-21T10:20:38 IST" duration-ms="834" status="PASS">
          <reporter-output>
          </reporter-output>
        </test-method> <!-- verify_user_is_able_to_login -->
        <test-method is-config="true" signature="tearDownBase()[pri:0, instance:tests.JsonTest@7adbd080]" started-at="2025-08-21T10:20:38 IST" name="tearDownBase" finished-at="2025-08-21T10:20:38 IST" duration-ms="257" status="PASS">
          <reporter-output>
          </reporter-output>
        </test-method> <!-- tearDownBase -->
      </class> <!-- tests.JsonTest -->
      <class name="tests.SimpleTest">
        <test-method is-config="true" signature="setUpBase()[pri:0, instance:tests.SimpleTest@13006998]" started-at="2025-08-21T10:20:45 IST" name="setUpBase" finished-at="2025-08-21T10:20:47 IST" duration-ms="2064" status="PASS">
          <reporter-output>
          </reporter-output>
        </test-method> <!-- setUpBase -->
        <test-method signature="Verify_user_is_able_to_login()[pri:0, instance:tests.SimpleTest@13006998]" started-at="2025-08-21T10:20:47 IST" name="Verify_user_is_able_to_login" finished-at="2025-08-21T10:20:48 IST" duration-ms="1495" status="PASS">
          <reporter-output>
          </reporter-output>
        </test-method> <!-- Verify_user_is_able_to_login -->
        <test-method is-config="true" signature="tearDownBase()[pri:0, instance:tests.SimpleTest@13006998]" started-at="2025-08-21T10:20:48 IST" name="tearDownBase" finished-at="2025-08-21T10:20:48 IST" duration-ms="235" status="PASS">
          <reporter-output>
          </reporter-output>
        </test-method> <!-- tearDownBase -->
      </class> <!-- tests.SimpleTest -->
      <class name="tests.ExcelTest">
        <test-method is-config="true" signature="setUpBase()[pri:0, instance:tests.ExcelTest@4d411036]" started-at="2025-08-21T10:20:31 IST" name="setUpBase" finished-at="2025-08-21T10:20:33 IST" duration-ms="2034" status="PASS">
          <reporter-output>
          </reporter-output>
        </test-method> <!-- setUpBase -->
        <test-method signature="verify_user_is_able_to_login()[pri:0, instance:tests.ExcelTest@4d411036]" started-at="2025-08-21T10:20:33 IST" name="verify_user_is_able_to_login" finished-at="2025-08-21T10:20:35 IST" duration-ms="2220" status="PASS">
          <reporter-output>
          </reporter-output>
        </test-method> <!-- verify_user_is_able_to_login -->
        <test-method is-config="true" signature="tearDownBase()[pri:0, instance:tests.ExcelTest@4d411036]" started-at="2025-08-21T10:20:35 IST" name="tearDownBase" finished-at="2025-08-21T10:20:36 IST" duration-ms="294" status="PASS">
          <reporter-output>
          </reporter-output>
        </test-method> <!-- tearDownBase -->
      </class> <!-- tests.ExcelTest -->
      <class name="tests.PageObjectTest">
        <test-method is-config="true" signature="setUpBase()[pri:0, instance:tests.PageObjectTest@41beb473]" started-at="2025-08-21T10:20:38 IST" name="setUpBase" finished-at="2025-08-21T10:20:40 IST" duration-ms="1996" status="PASS">
          <reporter-output>
          </reporter-output>
        </test-method> <!-- setUpBase -->
        <test-method signature="Verify_user_is_able_to_login()[pri:0, instance:tests.PageObjectTest@41beb473]" started-at="2025-08-21T10:20:40 IST" name="Verify_user_is_able_to_login" finished-at="2025-08-21T10:20:41 IST" duration-ms="1293" status="PASS">
          <reporter-output>
          </reporter-output>
        </test-method> <!-- Verify_user_is_able_to_login -->
        <test-method is-config="true" signature="tearDownBase()[pri:0, instance:tests.PageObjectTest@41beb473]" started-at="2025-08-21T10:20:41 IST" name="tearDownBase" finished-at="2025-08-21T10:20:42 IST" duration-ms="277" status="PASS">
          <reporter-output>
          </reporter-output>
        </test-method> <!-- tearDownBase -->
      </class> <!-- tests.PageObjectTest -->
    </test> <!-- TestNg Framework Test -->
  </suite> <!-- TestNg Framework -->
</testng-results>
